<?xml version="1.0" encoding="UTF-8"?>
<!-- Generated by org.testng.reporters.JUnitReportReporter -->
<testsuite hostname="kathala" name="Grid.GridEg" tests="2" failures="0" timestamp="6 Jun 2017 12:17:59 GMT" time="19.162" errors="0">
  <testcase name="grid" time="7.505" classname="Grid.GridEg"/>
  <testcase name="grid" time="11.657" classname="Grid.GridEg"/>
</testsuite> <!-- Grid.GridEg -->
