<?xml version="1.0" encoding="UTF-8"?>
<!-- Generated by org.testng.reporters.JUnitReportReporter -->
<testsuite hostname="kathala" name="CrossBrowser.MultiBrowser" tests="3" failures="0" timestamp="30 May 2017 22:08:36 GMT" time="26.703" errors="0">
  <testcase name="BrowserInvoke" time="13.314" classname="CrossBrowser.MultiBrowser"/>
  <testcase name="BrowserInvoke" time="3.768" classname="CrossBrowser.MultiBrowser"/>
  <testcase name="BrowserInvoke" time="9.621" classname="CrossBrowser.MultiBrowser"/>
</testsuite> <!-- CrossBrowser.MultiBrowser -->
