<?xml version="1.0" encoding="UTF-8"?>
<!-- Generated by org.testng.reporters.JUnitReportReporter -->
<testsuite hostname="kathala" name="testng.UserReg" tests="1" failures="0" timestamp="1 Jun 2017 17:36:24 GMT" time="4.327" errors="0">
  <testcase name="UserRegistration" time="4.327" classname="testng.UserReg"/>
</testsuite> <!-- testng.UserReg -->
