<?xml version="1.0" encoding="UTF-8"?>
<!-- Generated by org.testng.reporters.JUnitReportReporter -->
<testsuite hostname="kathala" name="testngDataprovider.EmpReg" tests="3" failures="0" timestamp="30 May 2017 21:32:21 GMT" time="9.571" errors="0">
  <testcase name="EmployeeRegistration" time="3.168" classname="testngDataprovider.EmpReg"/>
  <testcase name="EmployeeRegistration" time="2.910" classname="testngDataprovider.EmpReg"/>
  <testcase name="EmployeeRegistration" time="3.493" classname="testngDataprovider.EmpReg"/>
</testsuite> <!-- testngDataprovider.EmpReg -->
