<?xml version="1.0" encoding="UTF-8"?>
<!-- Generated by org.testng.reporters.JUnitReportReporter -->
<testsuite hostname="kathala" name="testng.EmpReg" tests="1" failures="0" timestamp="1 Jun 2017 17:36:24 GMT" time="3.089" errors="0">
  <testcase name="EmployeeRegistration" time="3.089" classname="testng.EmpReg"/>
</testsuite> <!-- testng.EmpReg -->
