<?xml version="1.0" encoding="UTF-8"?>
<!-- Generated by org.testng.reporters.JUnitReportReporter -->
<testsuite hostname="kathala" name="CrossBrowserTesting.CrossBr" tests="2" failures="0" timestamp="1 Jun 2017 16:00:13 GMT" time="9.586" errors="0">
  <testcase name="Login" time="4.937" classname="CrossBrowserTesting.CrossBr"/>
  <testcase name="Login" time="4.649" classname="CrossBrowserTesting.CrossBr"/>
</testsuite> <!-- CrossBrowserTesting.CrossBr -->
