<?xml version="1.0" encoding="UTF-8"?>
<!-- Generated by org.testng.reporters.JUnitReportReporter -->
<testsuite hostname="kathala" name="pom.TestGuru99Login" tests="1" failures="0" timestamp="2 Jun 2017 16:24:15 GMT" time="1.568" errors="0">
  <testcase name="test_HomePageAppearCorrect" time="1.568" classname="pom.TestGuru99Login"/>
</testsuite> <!-- pom.TestGuru99Login -->
