<?xml version="1.0" encoding="UTF-8"?>
<!-- Generated by org.testng.reporters.JUnitReportReporter -->
<testsuite hostname="kathala" name="HybridFramework.HybridFramework" tests="1" failures="0" timestamp="31 May 2017 20:07:48 GMT" time="35.605" errors="0">
  <testcase name="hybrid" time="35.605" classname="HybridFramework.HybridFramework"/>
</testsuite> <!-- HybridFramework.HybridFramework -->
