<?xml version="1.0" encoding="UTF-8"?>
<!-- Generated by org.testng.reporters.JUnitReportReporter -->
<testsuite skipped="0" hostname="kathala" name="testngPackage.DataProviderEg" tests="3" failures="0" timestamp="26 Jun 2017 21:06:45 GMT" time="0.015" errors="0">
  <testcase name="Details" time="0.015" classname="testngPackage.DataProviderEg"/>
  <testcase name="Details" time="0.000" classname="testngPackage.DataProviderEg"/>
  <testcase name="Details" time="0.000" classname="testngPackage.DataProviderEg"/>
</testsuite> <!-- testngPackage.DataProviderEg -->
