<?xml version="1.0" encoding="UTF-8"?>
<!-- Generated by org.testng.reporters.JUnitReportReporter -->
<testsuite skipped="0" hostname="kathala" name="testngPackage.BasicAnnotations" tests="2" failures="0" timestamp="27 Jun 2017 18:52:08 GMT" time="0.014" errors="0">
  <testcase name="function1" time="0.011" classname="testngPackage.BasicAnnotations"/>
  <testcase name="a" time="0.003" classname="testngPackage.BasicAnnotations"/>
</testsuite> <!-- testngPackage.BasicAnnotations -->
