<?xml version="1.0" encoding="UTF-8"?>
<!-- Generated by org.testng.reporters.JUnitReportReporter -->
<testsuite skipped="0" hostname="kathala" name="testngPackage.TestGroupDemo" tests="1" failures="0" timestamp="27 Jun 2017 18:48:18 GMT" time="0.007" errors="0">
  <testcase name="Login" time="0.007" classname="testngPackage.TestGroupDemo"/>
</testsuite> <!-- testngPackage.TestGroupDemo -->
