<?xml version="1.0" encoding="UTF-8"?>
<!-- Generated by org.testng.reporters.JUnitReportReporter -->
<testsuite skipped="0" hostname="kathala" name="testngPackage.ReporterEg" tests="1" failures="0" timestamp="27 Jun 2017 18:03:31 GMT" time="8.743" errors="0">
  <testcase name="testReport" time="8.743" classname="testngPackage.ReporterEg"/>
</testsuite> <!-- testngPackage.ReporterEg -->
