<?xml version="1.0" encoding="UTF-8"?>
<!-- Generated by org.testng.reporters.JUnitReportReporter -->
<testsuite skipped="0" hostname="kathala" name="testngPackage.PrimusBankLogin" tests="1" failures="0" timestamp="21 Jun 2017 22:05:06 GMT" time="3.273" errors="0">
  <testcase name="Login" time="3.273" classname="testngPackage.PrimusBankLogin"/>
</testsuite> <!-- testngPackage.PrimusBankLogin -->
