<?xml version="1.0" encoding="UTF-8"?>
<!-- Generated by org.testng.reporters.JUnitReportReporter -->
<testsuite skipped="0" hostname="kathala" name="com.mvnselenium.testng" tests="1" failures="0" timestamp="07 Jun 2017 19:19:19 GMT" time="9.445" errors="0">
  <testcase name="launch" time="9.445" classname="com.mvnselenium.testng"/>
</testsuite> <!-- com.mvnselenium.testng -->
